Photogrammetry Demo/Library/Bee/Android/Prj/Mono2x/Gradle/launcher/build/outputs/logs/manifest-merger-release-report.txt
-- Merging decision tree log ---
manifest
ADDED from src/main/AndroidManifest.xml:2:1-5:12
INJECTED from src/main/AndroidManifest.xml:2:1-5:12
INJECTED from src/main/AndroidManifest.xml:2:1-5:12
INJECTED from src/main/AndroidManifest.xml:2:1-5:12
MERGED from [:unityLibrary] AndroidManifest.xml:2:1-92:12
MERGED from [:OVRPlugin:] AndroidManifest.xml:2:1-9:12
INJECTED from src/main/AndroidManifest.xml:2:1-5:12
INJECTED from src/main/AndroidManifest.xml:2:1-5:12
INJECTED from src/main/AndroidManifest.xml:2:1-5:12
	package
		ADDED from src/main/AndroidManifest.xml:2:70-108
		INJECTED from src/main/AndroidManifest.xml
		INJECTED from src/main/AndroidManifest.xml
	android:versionName
		INJECTED from src/main/AndroidManifest.xml
		ADDED from src/main/AndroidManifest.xml:2:1-5:12
		INJECTED from src/main/AndroidManifest.xml
	xmlns:tools
		ADDED from src/main/AndroidManifest.xml:2:109-155
	android:versionCode
		INJECTED from src/main/AndroidManifest.xml
		ADDED from src/main/AndroidManifest.xml:2:1-5:12
		INJECTED from src/main/AndroidManifest.xml
	xmlns:android
		ADDED from src/main/AndroidManifest.xml:2:11-69
	android:installLocation
		ADDED from src/main/AndroidManifest.xml:2:156-196
supports-screens
ADDED from src/main/AndroidManifest.xml:3:3-163
	android:largeScreens
		ADDED from src/main/AndroidManifest.xml:3:78-105
	android:smallScreens
		ADDED from src/main/AndroidManifest.xml:3:21-48
	android:normalScreens
		ADDED from src/main/AndroidManifest.xml:3:49-77
	android:xlargeScreens
		ADDED from src/main/AndroidManifest.xml:3:106-134
	android:anyDensity
		ADDED from src/main/AndroidManifest.xml:3:135-160
application
ADDED from src/main/AndroidManifest.xml:4:3-126
MERGED from [:unityLibrary] AndroidManifest.xml:33:5-90:19
MERGED from [:unityLibrary] AndroidManifest.xml:33:5-90:19
	android:extractNativeLibs
		ADDED from [:unityLibrary] AndroidManifest.xml:33:18-50
	android:label
		ADDED from src/main/AndroidManifest.xml:4:16-48
	android:roundIcon
		ADDED from src/main/AndroidManifest.xml:4:81-123
	android:icon
		ADDED from src/main/AndroidManifest.xml:4:49-80
uses-sdk
INJECTED from src/main/AndroidManifest.xml reason: use-sdk injection requested
INJECTED from src/main/AndroidManifest.xml
INJECTED from src/main/AndroidManifest.xml
MERGED from [:unityLibrary] AndroidManifest.xml:9:5-11:41
MERGED from [:unityLibrary] AndroidManifest.xml:9:5-11:41
MERGED from [:OVRPlugin:] AndroidManifest.xml:7:5-47
MERGED from [:OVRPlugin:] AndroidManifest.xml:7:5-47
INJECTED from src/main/AndroidManifest.xml
INJECTED from src/main/AndroidManifest.xml
	android:targetSdkVersion
		INJECTED from src/main/AndroidManifest.xml
		ADDED from src/main/AndroidManifest.xml
		INJECTED from src/main/AndroidManifest.xml
	android:minSdkVersion
		INJECTED from src/main/AndroidManifest.xml
		ADDED from src/main/AndroidManifest.xml
		MERGED from src/main/AndroidManifest.xml
		INJECTED from src/main/AndroidManifest.xml
uses-feature#0x00030000
ADDED from [:unityLibrary] AndroidManifest.xml:13:5-54
	android:glEsVersion
		ADDED from [:unityLibrary] AndroidManifest.xml:13:19-51
supports-gl-texture#GL_KHR_texture_compression_astc_ldr
ADDED from [:unityLibrary] AndroidManifest.xml:15:5-79
	android:name
		ADDED from [:unityLibrary] AndroidManifest.xml:15:26-76
uses-permission#android.permission.INTERNET
ADDED from [:unityLibrary] AndroidManifest.xml:17:5-67
	android:name
		ADDED from [:unityLibrary] AndroidManifest.xml:17:22-64
uses-feature#android.hardware.touchscreen
ADDED from [:unityLibrary] AndroidManifest.xml:19:5-21:36
	android:required
		ADDED from [:unityLibrary] AndroidManifest.xml:21:9-33
	android:name
		ADDED from [:unityLibrary] AndroidManifest.xml:20:9-52
uses-feature#android.hardware.touchscreen.multitouch
ADDED from [:unityLibrary] AndroidManifest.xml:22:5-24:36
	android:required
		ADDED from [:unityLibrary] AndroidManifest.xml:24:9-33
	android:name
		ADDED from [:unityLibrary] AndroidManifest.xml:23:9-63
uses-feature#android.hardware.touchscreen.multitouch.distinct
ADDED from [:unityLibrary] AndroidManifest.xml:25:5-27:36
	android:required
		ADDED from [:unityLibrary] AndroidManifest.xml:27:9-33
	android:name
		ADDED from [:unityLibrary] AndroidManifest.xml:26:9-72
uses-feature#android.hardware.vr.headtracking
ADDED from [:unityLibrary] AndroidManifest.xml:28:5-31:31
	android:version
		ADDED from [:unityLibrary] AndroidManifest.xml:31:9-28
	android:required
		ADDED from [:unityLibrary] AndroidManifest.xml:30:9-32
	android:name
		ADDED from [:unityLibrary] AndroidManifest.xml:29:9-56
activity#com.unity3d.player.UnityPlayerActivity
ADDED from [:unityLibrary] AndroidManifest.xml:34:9-58:20
	android:screenOrientation
		ADDED from [:unityLibrary] AndroidManifest.xml:40:13-50
	android:launchMode
		ADDED from [:unityLibrary] AndroidManifest.xml:38:13-44
	android:hardwareAccelerated
		ADDED from [:unityLibrary] AndroidManifest.xml:37:13-48
	android:resizeableActivity
		ADDED from [:unityLibrary] AndroidManifest.xml:39:13-47
	android:configChanges
		ADDED from [:unityLibrary] AndroidManifest.xml:36:13-114
	android:theme
		ADDED from [:unityLibrary] AndroidManifest.xml:41:13-77
	android:name
		ADDED from [:unityLibrary] AndroidManifest.xml:35:13-66
intent-filter#action:name:android.intent.action.MAIN+category:name:android.intent.category.LAUNCHER+category:name:com.oculus.intent.category.VR
ADDED from [:unityLibrary] AndroidManifest.xml:42:13-47:29
action#android.intent.action.MAIN
ADDED from [:unityLibrary] AndroidManifest.xml:43:17-69
	android:name
		ADDED from [:unityLibrary] AndroidManifest.xml:43:25-66
category#android.intent.category.LAUNCHER
ADDED from [:unityLibrary] AndroidManifest.xml:45:17-77
	android:name
		ADDED from [:unityLibrary] AndroidManifest.xml:45:27-74
category#com.oculus.intent.category.VR
ADDED from [:unityLibrary] AndroidManifest.xml:46:17-74
	android:name
		ADDED from [:unityLibrary] AndroidManifest.xml:46:27-71
meta-data#unityplayer.UnityActivity
ADDED from [:unityLibrary] AndroidManifest.xml:49:13-51:40
	android:value
		ADDED from [:unityLibrary] AndroidManifest.xml:51:17-37
	android:name
		ADDED from [:unityLibrary] AndroidManifest.xml:50:17-57
meta-data#android.notch_support
ADDED from [:unityLibrary] AndroidManifest.xml:52:13-54:40
	android:value
		ADDED from [:unityLibrary] AndroidManifest.xml:54:17-37
	android:name
		ADDED from [:unityLibrary] AndroidManifest.xml:53:17-53
meta-data#com.oculus.vr.focusaware
ADDED from [:unityLibrary] AndroidManifest.xml:55:13-57:40
	android:value
		ADDED from [:unityLibrary] AndroidManifest.xml:57:17-37
	android:name
		ADDED from [:unityLibrary] AndroidManifest.xml:56:17-56
meta-data#unity.splash-mode
ADDED from [:unityLibrary] AndroidManifest.xml:60:9-62:33
	android:value
		ADDED from [:unityLibrary] AndroidManifest.xml:62:13-30
	android:name
		ADDED from [:unityLibrary] AndroidManifest.xml:61:13-45
meta-data#unity.splash-enable
ADDED from [:unityLibrary] AndroidManifest.xml:63:9-65:36
	android:value
		ADDED from [:unityLibrary] AndroidManifest.xml:65:13-33
	android:name
		ADDED from [:unityLibrary] AndroidManifest.xml:64:13-47
meta-data#unity.launch-fullscreen
ADDED from [:unityLibrary] AndroidManifest.xml:66:9-68:36
	android:value
		ADDED from [:unityLibrary] AndroidManifest.xml:68:13-33
	android:name
		ADDED from [:unityLibrary] AndroidManifest.xml:67:13-51
meta-data#unity.allow-resizable-window
ADDED from [:unityLibrary] AndroidManifest.xml:69:9-71:37
	android:value
		ADDED from [:unityLibrary] AndroidManifest.xml:71:13-34
	android:name
		ADDED from [:unityLibrary] AndroidManifest.xml:70:13-56
meta-data#notch.config
ADDED from [:unityLibrary] AndroidManifest.xml:72:9-74:50
	android:value
		ADDED from [:unityLibrary] AndroidManifest.xml:74:13-47
	android:name
		ADDED from [:unityLibrary] AndroidManifest.xml:73:13-40
meta-data#com.samsung.android.vr.application.mode
ADDED from [:unityLibrary] AndroidManifest.xml:75:9-77:39
	android:value
		ADDED from [:unityLibrary] AndroidManifest.xml:77:13-36
	android:name
		ADDED from [:unityLibrary] AndroidManifest.xml:76:13-67
meta-data#com.unity.xr.oculus.LowOverheadMode
ADDED from [:unityLibrary] AndroidManifest.xml:78:9-80:37
	android:value
		ADDED from [:unityLibrary] AndroidManifest.xml:80:13-34
	android:name
		ADDED from [:unityLibrary] AndroidManifest.xml:79:13-63
meta-data#com.unity.xr.oculus.LateLatching
ADDED from [:unityLibrary] AndroidManifest.xml:81:9-83:37
	android:value
		ADDED from [:unityLibrary] AndroidManifest.xml:83:13-34
	android:name
		ADDED from [:unityLibrary] AndroidManifest.xml:82:13-60
meta-data#com.unity.xr.oculus.LateLatchingDebug
ADDED from [:unityLibrary] AndroidManifest.xml:84:9-86:37
	android:value
		ADDED from [:unityLibrary] AndroidManifest.xml:86:13-34
	android:name
		ADDED from [:unityLibrary] AndroidManifest.xml:85:13-65
meta-data#com.oculus.supportedDevices
ADDED from [:unityLibrary] AndroidManifest.xml:87:9-89:44
	android:value
		ADDED from [:unityLibrary] AndroidManifest.xml:89:13-41
	android:name
		ADDED from [:unityLibrary] AndroidManifest.xml:88:13-55